[debug] [2023-07-17T17:30:49.255Z] ----------------------------------------------------------------------
[debug] [2023-07-17T17:30:49.256Z] Command:       C:\Program Files\nodejs\node.exe C:\Users\Beto\AppData\Roaming\npm\node_modules\firebase-tools\lib\bin\firebase.js init
[debug] [2023-07-17T17:30:49.256Z] CLI Version:   12.4.4
[debug] [2023-07-17T17:30:49.257Z] Platform:      win32
[debug] [2023-07-17T17:30:49.257Z] Node Version:  v18.15.0
[debug] [2023-07-17T17:30:49.258Z] Time:          Mon Jul 17 2023 14:30:49 GMT-0300 (hora estándar de Argentina)
[debug] [2023-07-17T17:30:49.258Z] ----------------------------------------------------------------------
[debug] 
[debug] [2023-07-17T17:30:49.308Z] > command requires scopes: ["email","openid","https://www.googleapis.com/auth/cloudplatformprojects.readonly","https://www.googleapis.com/auth/firebase","https://www.googleapis.com/auth/cloud-platform"]
[debug] [2023-07-17T17:30:49.309Z] > authorizing via signed-in user (rpruiz33@gmail.com)
[info] 
     ######## #### ########  ######## ########     ###     ######  ########
     ##        ##  ##     ## ##       ##     ##  ##   ##  ##       ##
     ######    ##  ########  ######   ########  #########  ######  ######
     ##        ##  ##    ##  ##       ##     ## ##     ##       ## ##
     ##       #### ##     ## ######## ########  ##     ##  ######  ########

You're about to initialize a Firebase project in this directory:

  C:\Users\Beto\Desktop\portfolio.2.0

Before we get started, keep in mind:

  * You are initializing within an existing Firebase project directory

